Determining if the pthread_create exist failed with the following output:
Change Dir: /home/lxd/my_code/project/disparity_optical_flow/cmake-build-debug/CMakeFiles/CMakeTmp

Run Build Command:"/usr/bin/make" "cmTC_9a759/fast"
/usr/bin/make -f CMakeFiles/cmTC_9a759.dir/build.make CMakeFiles/cmTC_9a759.dir/build
make[1]: Entering directory '/home/lxd/my_code/project/disparity_optical_flow/cmake-build-debug/CMakeFiles/CMakeTmp'
Building C object CMakeFiles/cmTC_9a759.dir/CheckSymbolExists.c.o
/usr/bin/cc   -fPIC    -o CMakeFiles/cmTC_9a759.dir/CheckSymbolExists.c.o   -c /home/lxd/my_code/project/disparity_optical_flow/cmake-build-debug/CMakeFiles/CMakeTmp/CheckSymbolExists.c
Linking C executable cmTC_9a759
/home/lxd/software/install_package/clion-2018.3.4/bin/cmake/linux/bin/cmake -E cmake_link_script CMakeFiles/cmTC_9a759.dir/link.txt --verbose=1
/usr/bin/cc -fPIC     CMakeFiles/cmTC_9a759.dir/CheckSymbolExists.c.o  -o cmTC_9a759 
CMakeFiles/cmTC_9a759.dir/CheckSymbolExists.c.o: In function `main':
CheckSymbolExists.c:(.text+0x1b): undefined reference to `pthread_create'
collect2: error: ld returned 1 exit status
CMakeFiles/cmTC_9a759.dir/build.make:86: recipe for target 'cmTC_9a759' failed
make[1]: *** [cmTC_9a759] Error 1
make[1]: Leaving directory '/home/lxd/my_code/project/disparity_optical_flow/cmake-build-debug/CMakeFiles/CMakeTmp'
Makefile:121: recipe for target 'cmTC_9a759/fast' failed
make: *** [cmTC_9a759/fast] Error 2

File /home/lxd/my_code/project/disparity_optical_flow/cmake-build-debug/CMakeFiles/CMakeTmp/CheckSymbolExists.c:
/* */
#include <pthread.h>

int main(int argc, char** argv)
{
  (void)argv;
#ifndef pthread_create
  return ((int*)(&pthread_create))[argc];
#else
  (void)argc;
  return 0;
#endif
}

Determining if the function pthread_create exists in the pthreads failed with the following output:
Change Dir: /home/lxd/my_code/project/disparity_optical_flow/cmake-build-debug/CMakeFiles/CMakeTmp

Run Build Command:"/usr/bin/make" "cmTC_00d9c/fast"
/usr/bin/make -f CMakeFiles/cmTC_00d9c.dir/build.make CMakeFiles/cmTC_00d9c.dir/build
make[1]: Entering directory '/home/lxd/my_code/project/disparity_optical_flow/cmake-build-debug/CMakeFiles/CMakeTmp'
Building C object CMakeFiles/cmTC_00d9c.dir/CheckFunctionExists.c.o
/usr/bin/cc   -fPIC -DCHECK_FUNCTION_EXISTS=pthread_create   -o CMakeFiles/cmTC_00d9c.dir/CheckFunctionExists.c.o   -c /home/lxd/software/install_package/clion-2018.3.4/bin/cmake/linux/share/cmake-3.13/Modules/CheckFunctionExists.c
Linking C executable cmTC_00d9c
/home/lxd/software/install_package/clion-2018.3.4/bin/cmake/linux/bin/cmake -E cmake_link_script CMakeFiles/cmTC_00d9c.dir/link.txt --verbose=1
/usr/bin/cc -fPIC -DCHECK_FUNCTION_EXISTS=pthread_create    CMakeFiles/cmTC_00d9c.dir/CheckFunctionExists.c.o  -o cmTC_00d9c -lpthreads 
/usr/bin/ld: cannot find -lpthreads
collect2: error: ld returned 1 exit status
CMakeFiles/cmTC_00d9c.dir/build.make:86: recipe for target 'cmTC_00d9c' failed
make[1]: *** [cmTC_00d9c] Error 1
make[1]: Leaving directory '/home/lxd/my_code/project/disparity_optical_flow/cmake-build-debug/CMakeFiles/CMakeTmp'
Makefile:121: recipe for target 'cmTC_00d9c/fast' failed
make: *** [cmTC_00d9c/fast] Error 2


