Determining if the pthread_create exist failed with the following output:
Change Dir: /home/lxd/my_code/project/optical_flow/cmake-build-debug/CMakeFiles/CMakeTmp

Run Build Command:"/usr/bin/make" "cmTC_c11ba/fast"
/usr/bin/make -f CMakeFiles/cmTC_c11ba.dir/build.make CMakeFiles/cmTC_c11ba.dir/build
make[1]: Entering directory '/home/lxd/my_code/project/optical_flow/cmake-build-debug/CMakeFiles/CMakeTmp'
Building C object CMakeFiles/cmTC_c11ba.dir/CheckSymbolExists.c.o
/usr/bin/cc   -fPIC    -o CMakeFiles/cmTC_c11ba.dir/CheckSymbolExists.c.o   -c /home/lxd/my_code/project/optical_flow/cmake-build-debug/CMakeFiles/CMakeTmp/CheckSymbolExists.c
Linking C executable cmTC_c11ba
/home/lxd/software/install_package/clion-2018.3.4/bin/cmake/linux/bin/cmake -E cmake_link_script CMakeFiles/cmTC_c11ba.dir/link.txt --verbose=1
/usr/bin/cc -fPIC     CMakeFiles/cmTC_c11ba.dir/CheckSymbolExists.c.o  -o cmTC_c11ba 
CMakeFiles/cmTC_c11ba.dir/CheckSymbolExists.c.o: In function `main':
CheckSymbolExists.c:(.text+0x1b): undefined reference to `pthread_create'
collect2: error: ld returned 1 exit status
CMakeFiles/cmTC_c11ba.dir/build.make:86: recipe for target 'cmTC_c11ba' failed
make[1]: *** [cmTC_c11ba] Error 1
make[1]: Leaving directory '/home/lxd/my_code/project/optical_flow/cmake-build-debug/CMakeFiles/CMakeTmp'
Makefile:121: recipe for target 'cmTC_c11ba/fast' failed
make: *** [cmTC_c11ba/fast] Error 2

File /home/lxd/my_code/project/optical_flow/cmake-build-debug/CMakeFiles/CMakeTmp/CheckSymbolExists.c:
/* */
#include <pthread.h>

int main(int argc, char** argv)
{
  (void)argv;
#ifndef pthread_create
  return ((int*)(&pthread_create))[argc];
#else
  (void)argc;
  return 0;
#endif
}

Determining if the function pthread_create exists in the pthreads failed with the following output:
Change Dir: /home/lxd/my_code/project/optical_flow/cmake-build-debug/CMakeFiles/CMakeTmp

Run Build Command:"/usr/bin/make" "cmTC_a6e98/fast"
/usr/bin/make -f CMakeFiles/cmTC_a6e98.dir/build.make CMakeFiles/cmTC_a6e98.dir/build
make[1]: Entering directory '/home/lxd/my_code/project/optical_flow/cmake-build-debug/CMakeFiles/CMakeTmp'
Building C object CMakeFiles/cmTC_a6e98.dir/CheckFunctionExists.c.o
/usr/bin/cc   -fPIC -DCHECK_FUNCTION_EXISTS=pthread_create   -o CMakeFiles/cmTC_a6e98.dir/CheckFunctionExists.c.o   -c /home/lxd/software/install_package/clion-2018.3.4/bin/cmake/linux/share/cmake-3.13/Modules/CheckFunctionExists.c
Linking C executable cmTC_a6e98
/home/lxd/software/install_package/clion-2018.3.4/bin/cmake/linux/bin/cmake -E cmake_link_script CMakeFiles/cmTC_a6e98.dir/link.txt --verbose=1
/usr/bin/cc -fPIC -DCHECK_FUNCTION_EXISTS=pthread_create    CMakeFiles/cmTC_a6e98.dir/CheckFunctionExists.c.o  -o cmTC_a6e98 -lpthreads 
/usr/bin/ld: cannot find -lpthreads
collect2: error: ld returned 1 exit status
CMakeFiles/cmTC_a6e98.dir/build.make:86: recipe for target 'cmTC_a6e98' failed
make[1]: *** [cmTC_a6e98] Error 1
make[1]: Leaving directory '/home/lxd/my_code/project/optical_flow/cmake-build-debug/CMakeFiles/CMakeTmp'
Makefile:121: recipe for target 'cmTC_a6e98/fast' failed
make: *** [cmTC_a6e98/fast] Error 2


